<?xml version="1.0" encoding="UTF-8"?>
<!-- Generated by org.testng.reporters.JUnitReportReporter -->
<testsuite hostname="Ayazs-MacBook-Air.local" failures="0" tests="2" name="testNG.TestNGTestCases" time="38.270" errors="0" timestamp="2022-07-23T21:19:50 IST" skipped="0">
  <testcase classname="testNG.TestNGTestCases" name="dropdown" time="16.749"/>
  <system-out/>
  <testcase classname="testNG.TestNGTestCases" name="mouserHover" time="21.521"/>
  <system-out/>
</testsuite> <!-- testNG.TestNGTestCases -->
