<?xml version="1.0" encoding="UTF-8"?>
<!-- Generated by org.testng.reporters.JUnitReportReporter -->
<testsuite hostname="Ayazs-MacBook-Air.local" failures="0" tests="3" name="testNG.TestNGAnnotations2" time="0.002" errors="0" timestamp="2022-07-23T21:19:50 IST" skipped="0">
  <testcase classname="testNG.TestNGAnnotations2" name="test1Function" time="0.000"/>
  <system-out/>
  <testcase classname="testNG.TestNGAnnotations2" name="test3Function" time="0.001"/>
  <system-out/>
  <testcase classname="testNG.TestNGAnnotations2" name="test2Function" time="0.001"/>
  <system-out/>
</testsuite> <!-- testNG.TestNGAnnotations2 -->
