<?xml version="1.0" encoding="UTF-8"?>
<!-- Generated by org.testng.reporters.JUnitReportReporter -->
<testsuite hostname="Ayazs-MacBook-Air.local" failures="0" tests="1" name="parallelTesting.Yahoo" time="7.693" errors="0" timestamp="2022-07-23T21:37:56 IST" skipped="0">
  <testcase classname="parallelTesting.Yahoo" name="atTest" time="7.693"/>
  <system-out/>
</testsuite> <!-- parallelTesting.Yahoo -->
