<?xml version="1.0" encoding="UTF-8"?>
<!-- Generated by org.testng.reporters.JUnitReportReporter -->
<testsuite hostname="Ayazs-MacBook-Air.local" failures="0" tests="1" name="testNG.TestNGAnnotations" time="0.001" errors="0" timestamp="2022-07-23T21:19:50 IST" skipped="0">
  <testcase classname="testNG.TestNGAnnotations" name="testFunction" time="0.001"/>
  <system-out/>
</testsuite> <!-- testNG.TestNGAnnotations -->
