<?xml version="1.0" encoding="UTF-8"?>
<!-- Generated by org.testng.reporters.JUnitReportReporter -->
<testsuite hostname="Ayazs-MacBook-Air.local" failures="0" tests="1" name="parallelTesting.Google" time="10.281" errors="0" timestamp="2022-07-23T21:37:56 IST" skipped="0">
  <testcase classname="parallelTesting.Google" name="atTest" time="10.281"/>
  <system-out/>
</testsuite> <!-- parallelTesting.Google -->
