<?xml version="1.0" encoding="UTF-8"?>
<!-- Generated by org.testng.reporters.JUnitReportReporter -->
<testsuite hostname="Ayazs-MacBook-Air.local" failures="0" tests="1" name="testNG.MouseHoverExample" time="44.174" errors="0" timestamp="2022-07-23T20:38:43 IST" skipped="0">
  <testcase classname="testNG.MouseHoverExample" name="atTest" time="44.174"/>
  <system-out/>
</testsuite> <!-- testNG.MouseHoverExample -->
